
[DEBUG] 2020-07-26 12:05:53.029 [main] InternalLoggerFactory - Using Log4J2 as the default logging framework
[DEBUG] 2020-07-26 12:05:53.042 [main] ResourceLeakDetector - -Dio.netty.leakDetection.level: simple
[DEBUG] 2020-07-26 12:05:53.042 [main] ResourceLeakDetector - -Dio.netty.leakDetection.targetRecords: 4
[DEBUG] 2020-07-26 12:05:53.048 [main] ResourceLeakDetectorFactory - Loaded default ResourceLeakDetector: io.netty.util.ResourceLeakDetector@64e1dd11
[DEBUG] 2020-07-26 12:05:53.077 [main] PlatformDependent - Platform: Windows
[DEBUG] 2020-07-26 12:05:53.081 [main] PlatformDependent0 - -Dio.netty.noUnsafe: false
[DEBUG] 2020-07-26 12:05:53.081 [main] PlatformDependent0 - Java version: 8
[DEBUG] 2020-07-26 12:05:53.083 [main] PlatformDependent0 - sun.misc.Unsafe.theUnsafe: available
[DEBUG] 2020-07-26 12:05:53.084 [main] PlatformDependent0 - sun.misc.Unsafe.copyMemory: available
[DEBUG] 2020-07-26 12:05:53.085 [main] PlatformDependent0 - java.nio.Buffer.address: available
[DEBUG] 2020-07-26 12:05:53.086 [main] PlatformDependent0 - direct buffer constructor: available
[DEBUG] 2020-07-26 12:05:53.088 [main] PlatformDependent0 - java.nio.Bits.unaligned: available, true
[DEBUG] 2020-07-26 12:05:53.088 [main] PlatformDependent0 - jdk.internal.misc.Unsafe.allocateUninitializedArray(int): unavailable prior to Java9
[DEBUG] 2020-07-26 12:05:53.088 [main] PlatformDependent0 - java.nio.DirectByteBuffer.<init>(long, int): available
[DEBUG] 2020-07-26 12:05:53.089 [main] PlatformDependent - sun.misc.Unsafe: available
[DEBUG] 2020-07-26 12:05:53.091 [main] PlatformDependent - -Dio.netty.tmpdir: C:\Users\robert\AppData\Local\Temp (java.io.tmpdir)
[DEBUG] 2020-07-26 12:05:53.091 [main] PlatformDependent - -Dio.netty.bitMode: 64 (sun.arch.data.model)
[DEBUG] 2020-07-26 12:05:53.092 [main] PlatformDependent - -Dio.netty.maxDirectMemory: 1888485376 bytes
[DEBUG] 2020-07-26 12:05:53.092 [main] PlatformDependent - -Dio.netty.uninitializedArrayAllocationThreshold: -1
[DEBUG] 2020-07-26 12:05:53.094 [main] CleanerJava6 - java.nio.ByteBuffer.cleaner(): available
[DEBUG] 2020-07-26 12:05:53.094 [main] PlatformDependent - -Dio.netty.noPreferDirect: false
[DEBUG] 2020-07-26 12:05:53.106 [main] PlatformDependent - org.jctools-core.MpscChunkedArrayQueue: available
[DEBUG] 2020-07-26 12:05:53.181 [main] JdkSslContext - Default protocols (JDK): [TLSv1.2, TLSv1.1, TLSv1] 
[DEBUG] 2020-07-26 12:05:53.181 [main] JdkSslContext - Default cipher suites (JDK): [TLS_ECDHE_ECDSA_WITH_AES_256_GCM_SHA384, TLS_ECDHE_ECDSA_WITH_AES_128_GCM_SHA256, TLS_ECDHE_RSA_WITH_AES_128_GCM_SHA256, TLS_ECDHE_RSA_WITH_AES_256_GCM_SHA384, TLS_ECDHE_RSA_WITH_AES_128_CBC_SHA, TLS_ECDHE_RSA_WITH_AES_256_CBC_SHA, TLS_RSA_WITH_AES_128_GCM_SHA256, TLS_RSA_WITH_AES_128_CBC_SHA, TLS_RSA_WITH_AES_256_CBC_SHA]
[DEBUG] 2020-07-26 12:05:53.221 [main] InternalThreadLocalMap - -Dio.netty.threadLocalMap.stringBuilder.initialSize: 1024
[DEBUG] 2020-07-26 12:05:53.221 [main] InternalThreadLocalMap - -Dio.netty.threadLocalMap.stringBuilder.maxSize: 4096
[DEBUG] 2020-07-26 12:05:53.236 [main] MultithreadEventLoopGroup - -Dio.netty.eventLoopThreads: 8
[DEBUG] 2020-07-26 12:05:53.257 [main] NioEventLoop - -Dio.netty.noKeySetOptimization: false
[DEBUG] 2020-07-26 12:05:53.257 [main] NioEventLoop - -Dio.netty.selectorAutoRebuildThreshold: 512
[TRACE] 2020-07-26 12:05:53.271 [main] NioEventLoop - instrumented a special java.util.Set into: sun.nio.ch.WindowsSelectorImpl@58cec85b
[TRACE] 2020-07-26 12:05:53.272 [main] NioEventLoop - instrumented a special java.util.Set into: sun.nio.ch.WindowsSelectorImpl@ecfbe91
[TRACE] 2020-07-26 12:05:53.273 [main] NioEventLoop - instrumented a special java.util.Set into: sun.nio.ch.WindowsSelectorImpl@20ed3303
[TRACE] 2020-07-26 12:05:53.274 [main] NioEventLoop - instrumented a special java.util.Set into: sun.nio.ch.WindowsSelectorImpl@3adbe50f
[TRACE] 2020-07-26 12:05:53.275 [main] NioEventLoop - instrumented a special java.util.Set into: sun.nio.ch.WindowsSelectorImpl@3a627c80
[TRACE] 2020-07-26 12:05:53.276 [main] NioEventLoop - instrumented a special java.util.Set into: sun.nio.ch.WindowsSelectorImpl@49aa766b
[TRACE] 2020-07-26 12:05:53.277 [main] NioEventLoop - instrumented a special java.util.Set into: sun.nio.ch.WindowsSelectorImpl@963176
[TRACE] 2020-07-26 12:05:53.278 [main] NioEventLoop - instrumented a special java.util.Set into: sun.nio.ch.WindowsSelectorImpl@65004ff6
[DEBUG] 2020-07-26 12:05:53.314 [main] PooledByteBufAllocator - -Dio.netty.allocator.numHeapArenas: 8
[DEBUG] 2020-07-26 12:05:53.314 [main] PooledByteBufAllocator - -Dio.netty.allocator.numDirectArenas: 8
[DEBUG] 2020-07-26 12:05:53.315 [main] PooledByteBufAllocator - -Dio.netty.allocator.pageSize: 8192
[DEBUG] 2020-07-26 12:05:53.315 [main] PooledByteBufAllocator - -Dio.netty.allocator.maxOrder: 11
[DEBUG] 2020-07-26 12:05:53.315 [main] PooledByteBufAllocator - -Dio.netty.allocator.chunkSize: 16777216
[DEBUG] 2020-07-26 12:05:53.315 [main] PooledByteBufAllocator - -Dio.netty.allocator.tinyCacheSize: 512
[DEBUG] 2020-07-26 12:05:53.315 [main] PooledByteBufAllocator - -Dio.netty.allocator.smallCacheSize: 256
[DEBUG] 2020-07-26 12:05:53.315 [main] PooledByteBufAllocator - -Dio.netty.allocator.normalCacheSize: 64
[DEBUG] 2020-07-26 12:05:53.315 [main] PooledByteBufAllocator - -Dio.netty.allocator.maxCachedBufferCapacity: 32768
[DEBUG] 2020-07-26 12:05:53.315 [main] PooledByteBufAllocator - -Dio.netty.allocator.cacheTrimInterval: 8192
[DEBUG] 2020-07-26 12:05:53.315 [main] PooledByteBufAllocator - -Dio.netty.allocator.cacheTrimIntervalMillis: 0
[DEBUG] 2020-07-26 12:05:53.315 [main] PooledByteBufAllocator - -Dio.netty.allocator.useCacheForAllThreads: true
[DEBUG] 2020-07-26 12:05:53.316 [main] PooledByteBufAllocator - -Dio.netty.allocator.maxCachedByteBuffersPerChunk: 1023
[DEBUG] 2020-07-26 12:05:53.328 [main] ByteBufUtil - -Dio.netty.allocator.type: pooled
[DEBUG] 2020-07-26 12:05:53.328 [main] ByteBufUtil - -Dio.netty.threadLocalDirectBufferSize: 0
[DEBUG] 2020-07-26 12:05:53.328 [main] ByteBufUtil - -Dio.netty.maxThreadLocalCharBufferSize: 16384
[DEBUG] 2020-07-26 12:05:54.393 [Forwarding newSession on session null to remote] DefaultChannelId - -Dio.netty.processId: 9048 (auto-detected)
[DEBUG] 2020-07-26 12:05:54.396 [Forwarding newSession on session null to remote] NetUtil - -Djava.net.preferIPv4Stack: false
[DEBUG] 2020-07-26 12:05:54.396 [Forwarding newSession on session null to remote] NetUtil - -Djava.net.preferIPv6Addresses: false
[DEBUG] 2020-07-26 12:05:54.666 [Forwarding newSession on session null to remote] NetUtil - Loopback interface: lo (Software Loopback Interface 1, 127.0.0.1)
[DEBUG] 2020-07-26 12:05:54.667 [Forwarding newSession on session null to remote] NetUtil - Failed to get SOMAXCONN from sysctl and file \proc\sys\net\core\somaxconn. Default: 200
[DEBUG] 2020-07-26 12:05:54.945 [Forwarding newSession on session null to remote] DefaultChannelId - -Dio.netty.machineId: e4:f8:9c:ff:fe:c4:5a:36 (auto-detected)
[DEBUG] 2020-07-26 12:05:55.017 [AsyncHttpClient-3-1] AbstractByteBuf - -Dio.netty.buffer.checkAccessible: true
[DEBUG] 2020-07-26 12:05:55.018 [AsyncHttpClient-3-1] AbstractByteBuf - -Dio.netty.buffer.checkBounds: true
[DEBUG] 2020-07-26 12:05:55.018 [AsyncHttpClient-3-1] ResourceLeakDetectorFactory - Loaded default ResourceLeakDetector: io.netty.util.ResourceLeakDetector@3bee8104
[DEBUG] 2020-07-26 12:05:55.057 [AsyncHttpClient-3-1] Recycler - -Dio.netty.recycler.maxCapacityPerThread: 4096
[DEBUG] 2020-07-26 12:05:55.057 [AsyncHttpClient-3-1] Recycler - -Dio.netty.recycler.maxSharedCapacityFactor: 2
[DEBUG] 2020-07-26 12:05:55.057 [AsyncHttpClient-3-1] Recycler - -Dio.netty.recycler.linkCapacity: 16
[DEBUG] 2020-07-26 12:05:55.057 [AsyncHttpClient-3-1] Recycler - -Dio.netty.recycler.ratio: 8
[DEBUG] 2020-07-26 12:05:58.487 [main] ThreadLocalRandom - -Dio.netty.initialSeedUniquifier: 0x2644c849f6959761
